[main] INFO  com.amazon.pages.LoginPage  - Entered Email as your id
[main] INFO  com.amazon.pages.LoginPage  - Entered Pwd as your pwd
[main] INFO  com.amazon.pages.GlobalMenuPage  - Searched movie name as java programming books
[main] INFO  com.amazon.pages.LoginPage  - Entered Email as your id
[main] INFO  com.amazon.pages.LoginPage  - Entered Pwd as your pwd
[main] INFO  com.amazon.pages.GlobalMenuPage  - Searched movie name as java programming books
[main] INFO  com.amazon.pages.LoginPage  - Entered Email as your id
[main] INFO  com.amazon.pages.LoginPage  - Entered Pwd as your pwd
[main] INFO  com.amazon.pages.GlobalMenuPage  - Searched movie name as java programming books
[main] INFO  com.amazon.pages.ProductSearchResultsView  - Switched to latest window
[main] INFO  com.amazon.pages.ProductSummaryPage  - cart items before count is :10
[main] INFO  com.amazon.pages.ProductSummaryPage  - cart items after count is :11
[main] INFO  com.amazon.pages.GlobalMenuPage  - Clicked on cart button
[main] INFO  com.amazon.pages.LoginPage  - Entered Email as your id
[main] INFO  com.amazon.pages.LoginPage  - Entered Pwd as your pwd
[main] INFO  com.amazon.pages.GlobalMenuPage  - Searched movie name as java programming books
[main] INFO  com.amazon.pages.LoginPage  - Entered Email as your id
[main] INFO  com.amazon.pages.LoginPage  - Entered Pwd as your pwd
[main] INFO  com.amazon.pages.GlobalMenuPage  - Searched movie name as java programming books
[main] INFO  com.amazon.pages.ProductSearchResultsView  - Clicked on product with author name as:Java - The Complete Reference
[main] INFO  com.amazon.pages.ProductSearchResultsView  - Switched to latest window
[main] INFO  com.amazon.pages.ProductSummaryPage  - cart items before count is :10
[main] INFO  com.amazon.pages.ProductSummaryPage  - cart items after count is :10
[main] INFO  com.amazon.pages.LoginPage  - Entered Email as your id
[main] INFO  com.amazon.pages.LoginPage  - Entered Pwd as your pwd
[main] INFO  com.amazon.pages.GlobalMenuPage  - Searched movie name as java programming books
[main] INFO  com.amazon.pages.ProductSearchResultsView  - Switched to latest window
[main] INFO  com.amazon.pages.ProductSummaryPage  - cart items before count is :10
[main] INFO  com.amazon.pages.ProductSummaryPage  - cart items after count is :11
[main] INFO  com.amazon.pages.GlobalMenuPage  - Clicked on cart button
[main] INFO  com.amazon.pages.LoginPage  - Entered Email as your id
[main] INFO  com.amazon.pages.LoginPage  - Entered Pwd as your pwd
[main] INFO  com.amazon.pages.GlobalMenuPage  - Searched movie name as java programming books
[main] INFO  com.amazon.pages.ProductSearchResultsView  - Clicked on product with author name as:Java - The Complete Reference
[main] INFO  com.amazon.pages.ProductSearchResultsView  - Switched to latest window
[main] INFO  com.amazon.pages.ProductSummaryPage  - cart items before count is :10
[main] INFO  com.amazon.pages.ProductSummaryPage  - cart items after count is :10
[main] INFO  com.amazon.pages.LoginPage  - Entered Email as your id
[main] INFO  com.amazon.pages.LoginPage  - Entered Pwd as your pwd
[main] INFO  com.amazon.pages.GlobalMenuPage  - Searched movie name as java programming books
[main] INFO  com.amazon.pages.ProductSearchResultsView  - Clicked on product with author name as:Java - The Complete Reference
[main] INFO  com.amazon.pages.ProductSearchResultsView  - Switched to latest window
[main] INFO  com.amazon.pages.ProductSummaryPage  - cart items before count is :10
[main] INFO  com.amazon.pages.ProductSummaryPage  - cart items after count is :10
[main] INFO  com.amazon.pages.LoginPage  - Entered Email as your id
[main] INFO  com.amazon.pages.LoginPage  - Entered Pwd as your pwd
[main] INFO  com.amazon.pages.GlobalMenuPage  - Searched movie name as java programming books
[main] INFO  com.amazon.pages.ProductSearchResultsView  - Clicked on product with author name as:Java - The Complete Reference
[main] INFO  com.amazon.pages.ProductSearchResultsView  - Switched to latest window
[main] INFO  com.amazon.pages.ProductSummaryPage  - cart items before count is :10
[main] INFO  com.amazon.pages.ProductSummaryPage  - cart items after count is :10
[main] INFO  com.amazon.pages.LoginPage  - Entered Email as your id
[main] INFO  com.amazon.pages.LoginPage  - Entered Pwd as your pwd
[main] INFO  com.amazon.pages.GlobalMenuPage  - Searched movie name as java programming books
[main] INFO  com.amazon.pages.ProductSearchResultsView  - Clicked on product with author name as:Java - The Complete Reference
[main] INFO  com.amazon.pages.ProductSearchResultsView  - Switched to latest window
[main] INFO  com.amazon.pages.ProductSummaryPage  - cart items before count is :10
[main] INFO  com.amazon.pages.ProductSummaryPage  - cart items after count is :10
[main] INFO  com.amazon.pages.LoginPage  - Entered Email as your id
[main] INFO  com.amazon.pages.LoginPage  - Entered Pwd as your pwd
[main] INFO  com.amazon.pages.GlobalMenuPage  - Searched movie name as java programming books
[main] INFO  com.amazon.pages.ProductSearchResultsView  - Clicked on product with author name as:Java - The Complete Reference
[main] INFO  com.amazon.pages.ProductSearchResultsView  - Switched to latest window
[main] INFO  com.amazon.pages.ProductSummaryPage  - cart items before count is :0
[main] INFO  com.amazon.pages.ProductSummaryPage  - cart items after count is :1
[main] INFO  com.amazon.pages.GlobalMenuPage  - Clicked on cart button
[main] INFO  com.amazon.pages.LoginPage  - Entered Email as your id
[main] INFO  com.amazon.pages.LoginPage  - Entered Pwd as your pwd
[main] INFO  com.amazon.pages.GlobalMenuPage  - Searched movie name as java programming books
[main] INFO  com.amazon.pages.ProductSearchResultsView  - Clicked on product with author name as:Java - The Complete Reference
[main] INFO  com.amazon.pages.ProductSearchResultsView  - Switched to latest window
[main] INFO  com.amazon.pages.ProductSummaryPage  - cart items before count is :1
[main] INFO  com.amazon.pages.ProductSummaryPage  - cart items after count is :2
[main] INFO  com.amazon.pages.LoginPage  - Entered Email as your id
[main] INFO  com.amazon.pages.LoginPage  - Entered Pwd as your pwd
[main] INFO  com.amazon.pages.GlobalMenuPage  - Searched movie name as java programming books
[main] INFO  com.amazon.pages.ProductSearchResultsView  - Clicked on product with author name as:Java - The Complete Reference
[main] INFO  com.amazon.pages.ProductSearchResultsView  - Switched to latest window
[main] INFO  com.amazon.pages.ProductSummaryPage  - cart items before count is :2
[main] INFO  com.amazon.pages.ProductSummaryPage  - cart items after count is :3
[main] INFO  com.amazon.pages.LoginPage  - Entered Email as your id
[main] INFO  com.amazon.pages.LoginPage  - Entered Pwd as your pwd
[main] INFO  com.amazon.pages.GlobalMenuPage  - Searched movie name as java programming books
[main] INFO  com.amazon.pages.ProductSearchResultsView  - Switched to latest window
[main] INFO  com.amazon.pages.ProductSummaryPage  - cart items before count is :1
[main] INFO  com.amazon.pages.ProductSummaryPage  - cart items after count is :2
[main] INFO  com.amazon.pages.GlobalMenuPage  - Clicked on cart button
[main] INFO  com.amazon.pages.LoginPage  - Entered Email as your id
[main] INFO  com.amazon.pages.LoginPage  - Entered Pwd as your pwd
[main] INFO  com.amazon.pages.GlobalMenuPage  - Searched movie name as java programming books
[main] INFO  com.amazon.pages.ProductSearchResultsView  - Switched to latest window
[main] INFO  com.amazon.pages.ProductSummaryPage  - cart items before count is :1
[main] INFO  com.amazon.pages.ProductSummaryPage  - cart items after count is :2
[main] INFO  com.amazon.pages.GlobalMenuPage  - Clicked on cart button
[main] INFO  com.amazon.pages.CartPage  - Clicked on delete button for item:A Textbook of Java Programming
[main] INFO  com.amazon.pages.LoginPage  - Entered Email as your id
[main] INFO  com.amazon.pages.LoginPage  - Entered Pwd as your pwd
[main] INFO  com.amazon.pages.GlobalMenuPage  - Searched movie name as java programming books
[main] INFO  com.amazon.pages.ProductSearchResultsView  - Clicked on product with author name as:Java - The Complete Reference
[main] INFO  com.amazon.pages.ProductSearchResultsView  - Switched to latest window
[main] INFO  com.amazon.pages.ProductSummaryPage  - cart items before count is :1
[main] INFO  com.amazon.pages.ProductSummaryPage  - cart items after count is :2
[main] INFO  com.amazon.pages.GlobalMenuPage  - Clicked on cart button
[main] INFO  com.amazon.pages.LoginPage  - Entered Email as your id
[main] INFO  com.amazon.pages.LoginPage  - Entered Pwd as your pwd
[main] INFO  com.amazon.pages.GlobalMenuPage  - Searched movie name as java programming books
[main] INFO  com.amazon.pages.ProductSearchResultsView  - Clicked on product with author name as:Java - The Complete Reference
[main] INFO  com.amazon.pages.ProductSearchResultsView  - Switched to latest window
[main] INFO  com.amazon.pages.ProductSummaryPage  - cart items before count is :2
[main] INFO  com.amazon.pages.ProductSummaryPage  - cart items after count is :3
[main] INFO  com.amazon.pages.GlobalMenuPage  - Clicked on cart button
[main] INFO  com.amazon.pages.LoginPage  - Entered Email as your id
[main] INFO  com.amazon.pages.LoginPage  - Entered Pwd as your pwd
[main] INFO  com.amazon.pages.GlobalMenuPage  - Searched movie name as java programming books
[main] INFO  com.amazon.pages.LoginPage  - Entered Email as your id
[main] INFO  com.amazon.pages.LoginPage  - Entered Pwd as your pwd
[main] INFO  com.amazon.pages.GlobalMenuPage  - Searched movie name as java programming books
[main] INFO  com.amazon.pages.ProductSearchResultsView  - Clicked on product with author name as:Java - The Complete Reference
[main] INFO  com.amazon.pages.ProductSearchResultsView  - Switched to latest window
[main] INFO  com.amazon.pages.ProductSummaryPage  - cart items before count is :4
[main] INFO  com.amazon.pages.ProductSummaryPage  - cart items after count is :5
[main] INFO  com.amazon.pages.GlobalMenuPage  - Clicked on cart button
[main] INFO  com.amazon.pages.LoginPage  - Entered Email as your id
[main] INFO  com.amazon.pages.LoginPage  - Entered Pwd as your pwd
[main] INFO  com.amazon.pages.GlobalMenuPage  - Searched movie name as java programming books
[main] INFO  com.amazon.pages.LoginPage  - Entered Email as your id
[main] INFO  com.amazon.pages.LoginPage  - Entered Pwd as your pwd
[main] INFO  com.amazon.pages.GlobalMenuPage  - Searched movie name as java programming books
[main] INFO  com.amazon.pages.ProductSearchResultsView  - Clicked on product with author name as:Java - The Complete Reference
[main] INFO  com.amazon.pages.ProductSearchResultsView  - Switched to latest window
[main] INFO  com.amazon.pages.ProductSummaryPage  - cart items before count is :5
[main] INFO  com.amazon.pages.ProductSummaryPage  - cart items after count is :6
[main] INFO  com.amazon.pages.LoginPage  - Entered Email as your id
[main] INFO  com.amazon.pages.LoginPage  - Entered Pwd as your pwd
[main] INFO  com.amazon.pages.GlobalMenuPage  - Searched movie name as java programming books
[main] INFO  com.amazon.pages.ProductSearchResultsView  - Clicked on product with author name as:Java - The Complete Reference
[main] INFO  com.amazon.pages.ProductSearchResultsView  - Switched to latest window
[main] INFO  com.amazon.pages.ProductSummaryPage  - cart items before count is :6
[main] INFO  com.amazon.pages.ProductSummaryPage  - cart items after count is :7
[main] INFO  com.amazon.pages.GlobalMenuPage  - Clicked on cart button
[main] INFO  com.amazon.pages.CartPage  - dropdown value selected quantity as :4
[main] INFO  com.amazon.pages.CartPage  - Updated cart quantity entered as :7
[main] INFO  com.amazon.pages.LoginPage  - Entered Email as your id
[main] INFO  com.amazon.pages.LoginPage  - Entered Pwd as your pwd
[main] INFO  com.amazon.pages.GlobalMenuPage  - Searched movie name as java programming books
[main] INFO  com.amazon.pages.ProductSearchResultsView  - Switched to latest window
[main] INFO  com.amazon.pages.ProductSummaryPage  - cart items before count is :7
[main] INFO  com.amazon.pages.ProductSummaryPage  - cart items after count is :8
[main] INFO  com.amazon.pages.LoginPage  - Entered Email as your id
[main] INFO  com.amazon.pages.LoginPage  - Entered Pwd as your pwd
[main] INFO  com.amazon.pages.GlobalMenuPage  - Searched movie name as java programming books
[main] INFO  com.amazon.pages.LoginPage  - Entered Email as your id
[main] INFO  com.amazon.pages.LoginPage  - Entered Pwd as your pwd
[main] INFO  com.amazon.pages.GlobalMenuPage  - Searched movie name as java programming books
[main] INFO  com.amazon.pages.ProductSearchResultsView  - Clicked on product with author name as:Java - The Complete Reference
[main] INFO  com.amazon.pages.ProductSearchResultsView  - Switched to latest window
[main] INFO  com.amazon.pages.ProductSummaryPage  - cart items before count is :0
[main] INFO  com.amazon.pages.ProductSummaryPage  - cart items after count is :1
[main] INFO  com.amazon.pages.LoginPage  - Entered Email as your id
[main] INFO  com.amazon.pages.LoginPage  - Entered Pwd as your pwd
[main] INFO  com.amazon.pages.GlobalMenuPage  - Searched movie name as java programming books
[main] INFO  com.amazon.pages.ProductSearchResultsView  - Clicked on product with author name as:Java - The Complete Reference
[main] INFO  com.amazon.pages.ProductSearchResultsView  - Switched to latest window
[main] INFO  com.amazon.pages.ProductSummaryPage  - cart items before count is :1
[main] INFO  com.amazon.pages.ProductSummaryPage  - cart items after count is :2
[main] INFO  com.amazon.pages.GlobalMenuPage  - Clicked on cart button
[main] INFO  com.amazon.pages.CartPage  - dropdown value selected quantity as :4
[main] INFO  com.amazon.pages.CartPage  - Updated cart quantity entered as :4
[main] INFO  com.amazon.pages.CartPage  - Total price actual cart :3224.0
[main] INFO  com.amazon.pages.CartPage  - Total price Expected cart :3224.0
[main] INFO  com.amazon.pages.LoginPage  - Entered Email as your id
[main] INFO  com.amazon.pages.LoginPage  - Entered Pwd as your pwd
[main] INFO  com.amazon.pages.GlobalMenuPage  - Searched movie name as java programming books
[main] INFO  com.amazon.pages.ProductSearchResultsView  - Switched to latest window
[main] INFO  com.amazon.pages.ProductSummaryPage  - cart items before count is :4
[main] INFO  com.amazon.pages.ProductSummaryPage  - cart items after count is :5
[main] INFO  com.amazon.pages.LoginPage  - Entered Email as your id
[main] INFO  com.amazon.pages.LoginPage  - Entered Pwd as your pwd
[main] INFO  com.amazon.pages.GlobalMenuPage  - Searched movie name as java programming books
[main] INFO  com.amazon.pages.ProductSearchResultsView  - Clicked on product with author name as:Java - The Complete Reference
[main] INFO  com.amazon.pages.ProductSearchResultsView  - Switched to latest window
[main] INFO  com.amazon.pages.ProductSummaryPage  - cart items before count is :0
[main] INFO  com.amazon.pages.ProductSummaryPage  - cart items after count is :1
[main] INFO  com.amazon.pages.LoginPage  - Entered Email as your id
[main] INFO  com.amazon.pages.LoginPage  - Entered Pwd as your pwd
[main] INFO  com.amazon.pages.GlobalMenuPage  - Searched movie name as java programming books
[main] INFO  com.amazon.pages.ProductSearchResultsView  - Switched to latest window
[main] INFO  com.amazon.pages.ProductSummaryPage  - cart items before count is :1
[main] INFO  com.amazon.pages.ProductSummaryPage  - cart items after count is :2
[main] INFO  com.amazon.pages.GlobalMenuPage  - Clicked on cart button
[main] INFO  com.amazon.pages.CartPage  - Clicked on delete button for item:A Textbook of Java Programming
[main] INFO  com.amazon.pages.LoginPage  - Entered Email as your id
[main] INFO  com.amazon.pages.LoginPage  - Entered Pwd as your pwd
[main] INFO  com.amazon.pages.GlobalMenuPage  - Searched movie name as java programming books
[main] INFO  com.amazon.pages.ProductSearchResultsView  - Clicked on product with author name as:Java - The Complete Reference
[main] INFO  com.amazon.pages.ProductSearchResultsView  - Switched to latest window
[main] INFO  com.amazon.pages.ProductSummaryPage  - cart items before count is :0
[main] INFO  com.amazon.pages.ProductSummaryPage  - cart items after count is :1
[main] INFO  com.amazon.pages.LoginPage  - Entered Email as your id
[main] INFO  com.amazon.pages.LoginPage  - Entered Pwd as your pwd
[main] INFO  com.amazon.pages.GlobalMenuPage  - Searched movie name as java programming books
[main] INFO  com.amazon.pages.ProductSearchResultsView  - Clicked on product with author name as:Java - The Complete Reference
[main] INFO  com.amazon.pages.ProductSearchResultsView  - Switched to latest window
[main] INFO  com.amazon.pages.ProductSummaryPage  - cart items before count is :1
[main] INFO  com.amazon.pages.ProductSummaryPage  - cart items after count is :2
[main] INFO  com.amazon.pages.GlobalMenuPage  - Clicked on cart button
[main] INFO  com.amazon.pages.LoginPage  - Entered Email as your id
[main] INFO  com.amazon.pages.LoginPage  - Entered Pwd as your pwd
[main] INFO  com.amazon.pages.GlobalMenuPage  - Searched movie name as java programming books
[main] INFO  com.amazon.pages.LoginPage  - Entered Email as your id
[main] INFO  com.amazon.pages.LoginPage  - Entered Pwd as your pwd
[main] INFO  com.amazon.pages.GlobalMenuPage  - Searched movie name as java programming books
[main] INFO  com.amazon.pages.ProductSearchResultsView  - Clicked on product with author name as:Java - The Complete Reference
[main] INFO  com.amazon.pages.ProductSearchResultsView  - Switched to latest window
[main] INFO  com.amazon.pages.ProductSummaryPage  - cart items before count is :2
[main] INFO  com.amazon.pages.ProductSummaryPage  - cart items after count is :3
[main] INFO  com.amazon.pages.LoginPage  - Entered Email as your id
[main] INFO  com.amazon.pages.LoginPage  - Entered Pwd as your pwd
[main] INFO  com.amazon.pages.GlobalMenuPage  - Searched movie name as java programming books
[main] INFO  com.amazon.pages.ProductSearchResultsView  - Clicked on product with author name as:Java - The Complete Reference
[main] INFO  com.amazon.pages.ProductSearchResultsView  - Switched to latest window
[main] INFO  com.amazon.pages.ProductSummaryPage  - cart items before count is :3
[main] INFO  com.amazon.pages.ProductSummaryPage  - cart items after count is :4
[main] INFO  com.amazon.pages.GlobalMenuPage  - Clicked on cart button
[main] INFO  com.amazon.pages.CartPage  - dropdown value selected quantity as :4
[main] INFO  com.amazon.pages.CartPage  - Updated cart quantity entered as :4
[main] INFO  com.amazon.pages.CartPage  - Total price actual cart :3224.0
[main] INFO  com.amazon.pages.CartPage  - Total price Expected cart :3224.0
[main] INFO  com.amazon.pages.LoginPage  - Entered Email as your id
[main] INFO  com.amazon.pages.LoginPage  - Entered Pwd as your pwd
[main] INFO  com.amazon.pages.GlobalMenuPage  - Searched movie name as java programming books
[main] INFO  com.amazon.pages.ProductSearchResultsView  - Switched to latest window
[main] INFO  com.amazon.pages.ProductSummaryPage  - cart items before count is :4
[main] INFO  com.amazon.pages.ProductSummaryPage  - cart items after count is :5
[main] INFO  com.amazon.pages.GlobalMenuPage  - Clicked on cart button
[main] INFO  com.amazon.pages.CartPage  - Clicked on delete button for item:A Textbook of Java Programming
[main] INFO  com.amazon.pages.LoginPage  - Entered Email as your id
[main] INFO  com.amazon.pages.LoginPage  - Entered Pwd as your pwd
[main] INFO  com.amazon.pages.GlobalMenuPage  - Searched movie name as java programming books
[main] INFO  com.amazon.pages.LoginPage  - Entered Email as your id
[main] INFO  com.amazon.pages.LoginPage  - Entered Pwd as your pwd
[main] INFO  com.amazon.pages.GlobalMenuPage  - Searched movie name as java programming books
[main] INFO  com.amazon.pages.ProductSearchResultsView  - Clicked on product with author name as:Java - The Complete Reference
[main] INFO  com.amazon.pages.ProductSearchResultsView  - Switched to latest window
[main] INFO  com.amazon.pages.ProductSummaryPage  - cart items before count is :0
[main] INFO  com.amazon.pages.ProductSummaryPage  - cart items after count is :1
[main] INFO  com.amazon.pages.GlobalMenuPage  - Clicked on cart button
[main] INFO  com.amazon.pages.LoginPage  - Entered Email as your id
[main] INFO  com.amazon.pages.LoginPage  - Entered Pwd as your pwd
[main] INFO  com.amazon.pages.GlobalMenuPage  - Searched movie name as java programming books
[main] INFO  com.amazon.pages.ProductSearchResultsView  - Clicked on product with author name as:Java - The Complete Reference
[main] INFO  com.amazon.pages.ProductSearchResultsView  - Switched to latest window
[main] INFO  com.amazon.pages.ProductSummaryPage  - cart items before count is :1
[main] INFO  com.amazon.pages.ProductSummaryPage  - cart items after count is :2
[main] INFO  com.amazon.pages.LoginPage  - Entered Email as your id
[main] INFO  com.amazon.pages.LoginPage  - Entered Pwd as your pwd
[main] INFO  com.amazon.pages.GlobalMenuPage  - Searched movie name as java programming books
[main] INFO  com.amazon.pages.ProductSearchResultsView  - Switched to latest window
[main] INFO  com.amazon.pages.ProductSummaryPage  - cart items before count is :2
[main] INFO  com.amazon.pages.ProductSummaryPage  - cart items after count is :3
[main] INFO  com.amazon.pages.GlobalMenuPage  - Clicked on cart button
[main] INFO  com.amazon.pages.CartPage  - Clicked on delete button for item:A Textbook of Java Programming
